[0.327s] DEBUG:colcon:Command line arguments: ['/usr/bin/colcon', 'build', '--packages-select', 'andromeda_proximity_filter']
[0.327s] DEBUG:colcon:Parsed command line arguments: Namespace(log_base=None, log_level=None, verb_name='build', build_base='build', install_base='install', merge_install=False, symlink_install=False, test_result_base=None, continue_on_error=False, executor='parallel', parallel_workers=16, event_handlers=None, ignore_user_meta=False, metas=['./colcon.meta'], base_paths=['.'], packages_ignore=None, packages_ignore_regex=None, paths=None, packages_up_to=None, packages_up_to_regex=None, packages_above=None, packages_above_and_dependencies=None, packages_above_depth=None, packages_select_by_dep=None, packages_skip_by_dep=None, packages_skip_up_to=None, packages_select_build_failed=False, packages_skip_build_finished=False, packages_select_test_failures=False, packages_skip_test_passed=False, packages_select=['andromeda_proximity_filter'], packages_skip=None, packages_select_regex=None, packages_skip_regex=None, packages_start=None, packages_end=None, allow_overriding=[], cmake_args=None, cmake_target=None, cmake_target_skip_unavailable=False, cmake_clean_cache=False, cmake_clean_first=False, cmake_force_configure=False, ament_cmake_args=None, catkin_cmake_args=None, catkin_skip_building_tests=False, verb_parser=<colcon_defaults.argument_parser.defaults.DefaultArgumentsDecorator object at 0x70f8aad68220>, verb_extension=<colcon_core.verb.build.BuildVerb object at 0x70f8aad3bd90>, main=<bound method BuildVerb.main of <colcon_core.verb.build.BuildVerb object at 0x70f8aad3bd90>>)
[0.590s] Level 1:colcon.colcon_core.package_discovery:discover_packages(colcon_meta) check parameters
[0.591s] Level 1:colcon.colcon_core.package_discovery:discover_packages(recursive) check parameters
[0.591s] Level 1:colcon.colcon_core.package_discovery:discover_packages(ignore) check parameters
[0.591s] Level 1:colcon.colcon_core.package_discovery:discover_packages(path) check parameters
[0.591s] Level 1:colcon.colcon_core.package_discovery:discover_packages(colcon_meta) discover
[0.591s] Level 1:colcon.colcon_core.package_discovery:discover_packages(recursive) discover
[0.592s] INFO:colcon.colcon_core.package_discovery:Crawling recursively for packages in '/mnt/c/Users/harry/ros_ws'
[0.593s] Level 1:colcon.colcon_core.package_identification:_identify(.) by extensions ['ignore', 'ignore_ament_install']
[0.593s] Level 1:colcon.colcon_core.package_identification:_identify(.) by extension 'ignore'
[0.593s] Level 1:colcon.colcon_core.package_identification:_identify(.) by extension 'ignore_ament_install'
[0.594s] Level 1:colcon.colcon_core.package_identification:_identify(.) by extensions ['colcon_pkg']
[0.594s] Level 1:colcon.colcon_core.package_identification:_identify(.) by extension 'colcon_pkg'
[0.594s] Level 1:colcon.colcon_core.package_identification:_identify(.) by extensions ['colcon_meta']
[0.595s] Level 1:colcon.colcon_core.package_identification:_identify(.) by extension 'colcon_meta'
[0.595s] Level 1:colcon.colcon_core.package_identification:_identify(.) by extensions ['ros']
[0.595s] Level 1:colcon.colcon_core.package_identification:_identify(.) by extension 'ros'
[0.607s] Level 1:colcon.colcon_core.package_identification:_identify(.) by extensions ['cmake', 'python']
[0.607s] Level 1:colcon.colcon_core.package_identification:_identify(.) by extension 'cmake'
[0.607s] Level 1:colcon.colcon_core.package_identification:_identify(.) by extension 'python'
[0.608s] Level 1:colcon.colcon_core.package_identification:_identify(.) by extensions ['python_setup_py']
[0.608s] Level 1:colcon.colcon_core.package_identification:_identify(.) by extension 'python_setup_py'
[0.610s] Level 1:colcon.colcon_core.package_identification:_identify(build) by extensions ['ignore', 'ignore_ament_install']
[0.610s] Level 1:colcon.colcon_core.package_identification:_identify(build) by extension 'ignore'
[0.612s] Level 1:colcon.colcon_core.package_identification:_identify(build) ignored
[0.613s] Level 1:colcon.colcon_core.package_identification:_identify(install) by extensions ['ignore', 'ignore_ament_install']
[0.613s] Level 1:colcon.colcon_core.package_identification:_identify(install) by extension 'ignore'
[0.614s] Level 1:colcon.colcon_core.package_identification:_identify(install) ignored
[0.619s] Level 1:colcon.colcon_core.package_identification:_identify(log) by extensions ['ignore', 'ignore_ament_install']
[0.620s] Level 1:colcon.colcon_core.package_identification:_identify(log) by extension 'ignore'
[0.620s] Level 1:colcon.colcon_core.package_identification:_identify(log) ignored
[0.621s] Level 1:colcon.colcon_core.package_identification:_identify(src) by extensions ['ignore', 'ignore_ament_install']
[0.621s] Level 1:colcon.colcon_core.package_identification:_identify(src) by extension 'ignore'
[0.622s] Level 1:colcon.colcon_core.package_identification:_identify(src) by extension 'ignore_ament_install'
[0.622s] Level 1:colcon.colcon_core.package_identification:_identify(src) by extensions ['colcon_pkg']
[0.622s] Level 1:colcon.colcon_core.package_identification:_identify(src) by extension 'colcon_pkg'
[0.623s] Level 1:colcon.colcon_core.package_identification:_identify(src) by extensions ['colcon_meta']
[0.623s] Level 1:colcon.colcon_core.package_identification:_identify(src) by extension 'colcon_meta'
[0.623s] Level 1:colcon.colcon_core.package_identification:_identify(src) by extensions ['ros']
[0.623s] Level 1:colcon.colcon_core.package_identification:_identify(src) by extension 'ros'
[0.624s] Level 1:colcon.colcon_core.package_identification:_identify(src) by extensions ['cmake', 'python']
[0.624s] Level 1:colcon.colcon_core.package_identification:_identify(src) by extension 'cmake'
[0.625s] Level 1:colcon.colcon_core.package_identification:_identify(src) by extension 'python'
[0.625s] Level 1:colcon.colcon_core.package_identification:_identify(src) by extensions ['python_setup_py']
[0.625s] Level 1:colcon.colcon_core.package_identification:_identify(src) by extension 'python_setup_py'
[0.626s] Level 1:colcon.colcon_core.package_identification:_identify(src/andromeda_proximity_filter) by extensions ['ignore', 'ignore_ament_install']
[0.627s] Level 1:colcon.colcon_core.package_identification:_identify(src/andromeda_proximity_filter) by extension 'ignore'
[0.627s] Level 1:colcon.colcon_core.package_identification:_identify(src/andromeda_proximity_filter) by extension 'ignore_ament_install'
[0.627s] Level 1:colcon.colcon_core.package_identification:_identify(src/andromeda_proximity_filter) by extensions ['colcon_pkg']
[0.628s] Level 1:colcon.colcon_core.package_identification:_identify(src/andromeda_proximity_filter) by extension 'colcon_pkg'
[0.628s] Level 1:colcon.colcon_core.package_identification:_identify(src/andromeda_proximity_filter) by extensions ['colcon_meta']
[0.628s] Level 1:colcon.colcon_core.package_identification:_identify(src/andromeda_proximity_filter) by extension 'colcon_meta'
[0.628s] Level 1:colcon.colcon_core.package_identification:_identify(src/andromeda_proximity_filter) by extensions ['ros']
[0.629s] Level 1:colcon.colcon_core.package_identification:_identify(src/andromeda_proximity_filter) by extension 'ros'
[0.635s] DEBUG:colcon.colcon_core.package_identification:Package 'src/andromeda_proximity_filter' with type 'ros.ament_cmake' and name 'andromeda_proximity_filter'
[0.635s] Level 1:colcon.colcon_core.package_discovery:discover_packages(recursive) using defaults
[0.635s] Level 1:colcon.colcon_core.package_discovery:discover_packages(ignore) discover
[0.635s] Level 1:colcon.colcon_core.package_discovery:discover_packages(ignore) using defaults
[0.635s] Level 1:colcon.colcon_core.package_discovery:discover_packages(path) discover
[0.635s] Level 1:colcon.colcon_core.package_discovery:discover_packages(path) using defaults
[0.660s] Level 1:colcon.colcon_core.package_discovery:discover_packages(prefix_path) check parameters
[0.660s] Level 1:colcon.colcon_core.package_discovery:discover_packages(prefix_path) discover
[0.689s] DEBUG:colcon.colcon_installed_package_information.package_discovery:Found 1 installed packages in /mnt/c/Users/harry/ros_ws/install
[0.692s] DEBUG:colcon.colcon_installed_package_information.package_discovery:Found 438 installed packages in /opt/ros/humble
[0.701s] Level 1:colcon.colcon_core.package_discovery:discover_packages(prefix_path) using defaults
[0.802s] Level 5:colcon.colcon_core.verb:set package 'andromeda_proximity_filter' build argument 'cmake_args' from command line to 'None'
[0.802s] Level 5:colcon.colcon_core.verb:set package 'andromeda_proximity_filter' build argument 'cmake_target' from command line to 'None'
[0.802s] Level 5:colcon.colcon_core.verb:set package 'andromeda_proximity_filter' build argument 'cmake_target_skip_unavailable' from command line to 'False'
[0.803s] Level 5:colcon.colcon_core.verb:set package 'andromeda_proximity_filter' build argument 'cmake_clean_cache' from command line to 'False'
[0.803s] Level 5:colcon.colcon_core.verb:set package 'andromeda_proximity_filter' build argument 'cmake_clean_first' from command line to 'False'
[0.803s] Level 5:colcon.colcon_core.verb:set package 'andromeda_proximity_filter' build argument 'cmake_force_configure' from command line to 'False'
[0.803s] Level 5:colcon.colcon_core.verb:set package 'andromeda_proximity_filter' build argument 'ament_cmake_args' from command line to 'None'
[0.803s] Level 5:colcon.colcon_core.verb:set package 'andromeda_proximity_filter' build argument 'catkin_cmake_args' from command line to 'None'
[0.803s] Level 5:colcon.colcon_core.verb:set package 'andromeda_proximity_filter' build argument 'catkin_skip_building_tests' from command line to 'False'
[0.804s] DEBUG:colcon.colcon_core.verb:Building package 'andromeda_proximity_filter' with the following arguments: {'ament_cmake_args': None, 'build_base': '/mnt/c/Users/harry/ros_ws/build/andromeda_proximity_filter', 'catkin_cmake_args': None, 'catkin_skip_building_tests': False, 'cmake_args': None, 'cmake_clean_cache': False, 'cmake_clean_first': False, 'cmake_force_configure': False, 'cmake_target': None, 'cmake_target_skip_unavailable': False, 'install_base': '/mnt/c/Users/harry/ros_ws/install/andromeda_proximity_filter', 'merge_install': False, 'path': '/mnt/c/Users/harry/ros_ws/src/andromeda_proximity_filter', 'symlink_install': False, 'test_result_base': None}
[0.804s] INFO:colcon.colcon_core.executor:Executing jobs using 'parallel' executor
[0.805s] DEBUG:colcon.colcon_parallel_executor.executor.parallel:run_until_complete
[0.805s] INFO:colcon.colcon_ros.task.ament_cmake.build:Building ROS package in '/mnt/c/Users/harry/ros_ws/src/andromeda_proximity_filter' with build type 'ament_cmake'
[0.806s] INFO:colcon.colcon_cmake.task.cmake.build:Building CMake package in '/mnt/c/Users/harry/ros_ws/src/andromeda_proximity_filter'
[0.810s] INFO:colcon.colcon_core.plugin_system:Skipping extension 'colcon_core.shell.bat': Not used on non-Windows systems
[0.810s] INFO:colcon.colcon_core.shell:Skip shell extension 'powershell' for command environment: Not usable outside of PowerShell
[0.811s] DEBUG:colcon.colcon_core.shell:Skip shell extension 'dsv' for command environment
[0.886s] DEBUG:colcon.colcon_core.event_handler.log_command:Invoking command in '/mnt/c/Users/harry/ros_ws/build/andromeda_proximity_filter': CMAKE_PREFIX_PATH=${CMAKE_PREFIX_PATH}:/opt/ros/humble /usr/bin/cmake --build /mnt/c/Users/harry/ros_ws/build/andromeda_proximity_filter -- -j16 -l16
[17.582s] DEBUG:colcon.colcon_core.event_handler.log_command:Invoked command in '/mnt/c/Users/harry/ros_ws/build/andromeda_proximity_filter' returned '2': CMAKE_PREFIX_PATH=${CMAKE_PREFIX_PATH}:/opt/ros/humble /usr/bin/cmake --build /mnt/c/Users/harry/ros_ws/build/andromeda_proximity_filter -- -j16 -l16
[17.598s] Level 1:colcon.colcon_core.environment:create_environment_scripts_only(andromeda_proximity_filter)
[17.604s] Level 1:colcon.colcon_core.environment:checking '/mnt/c/Users/harry/ros_ws/install/andromeda_proximity_filter' for CMake module files
[17.678s] Level 1:colcon.colcon_core.environment:checking '/mnt/c/Users/harry/ros_ws/install/andromeda_proximity_filter' for CMake config files
[17.728s] Level 1:colcon.colcon_core.shell:create_environment_hook('andromeda_proximity_filter', 'cmake_prefix_path')
[17.729s] INFO:colcon.colcon_core.shell:Creating environment hook '/mnt/c/Users/harry/ros_ws/install/andromeda_proximity_filter/share/andromeda_proximity_filter/hook/cmake_prefix_path.ps1'
[17.743s] INFO:colcon.colcon_core.shell:Creating environment descriptor '/mnt/c/Users/harry/ros_ws/install/andromeda_proximity_filter/share/andromeda_proximity_filter/hook/cmake_prefix_path.dsv'
[17.753s] INFO:colcon.colcon_core.shell:Creating environment hook '/mnt/c/Users/harry/ros_ws/install/andromeda_proximity_filter/share/andromeda_proximity_filter/hook/cmake_prefix_path.sh'
[17.769s] Level 1:colcon.colcon_core.environment:checking '/mnt/c/Users/harry/ros_ws/install/andromeda_proximity_filter/lib'
[17.775s] Level 1:colcon.colcon_core.environment:checking '/mnt/c/Users/harry/ros_ws/install/andromeda_proximity_filter/bin'
[17.776s] Level 1:colcon.colcon_core.environment:checking '/mnt/c/Users/harry/ros_ws/install/andromeda_proximity_filter/lib/pkgconfig/andromeda_proximity_filter.pc'
[17.776s] Level 1:colcon.colcon_core.environment:checking '/mnt/c/Users/harry/ros_ws/install/andromeda_proximity_filter/lib/python3.10/site-packages'
[17.778s] Level 1:colcon.colcon_core.environment:checking '/mnt/c/Users/harry/ros_ws/install/andromeda_proximity_filter/bin'
[17.779s] INFO:colcon.colcon_core.shell:Creating package script '/mnt/c/Users/harry/ros_ws/install/andromeda_proximity_filter/share/andromeda_proximity_filter/package.ps1'
[17.788s] INFO:colcon.colcon_core.shell:Creating package descriptor '/mnt/c/Users/harry/ros_ws/install/andromeda_proximity_filter/share/andromeda_proximity_filter/package.dsv'
[17.801s] INFO:colcon.colcon_core.shell:Creating package script '/mnt/c/Users/harry/ros_ws/install/andromeda_proximity_filter/share/andromeda_proximity_filter/package.sh'
[17.813s] INFO:colcon.colcon_core.shell:Creating package script '/mnt/c/Users/harry/ros_ws/install/andromeda_proximity_filter/share/andromeda_proximity_filter/package.bash'
[17.829s] INFO:colcon.colcon_core.shell:Creating package script '/mnt/c/Users/harry/ros_ws/install/andromeda_proximity_filter/share/andromeda_proximity_filter/package.zsh'
[17.843s] Level 1:colcon.colcon_core.environment:create_file_with_runtime_dependencies(/mnt/c/Users/harry/ros_ws/install/andromeda_proximity_filter/share/colcon-core/packages/andromeda_proximity_filter)
[17.863s] DEBUG:colcon.colcon_parallel_executor.executor.parallel:closing loop
[17.864s] DEBUG:colcon.colcon_parallel_executor.executor.parallel:loop closed
[17.864s] DEBUG:colcon.colcon_parallel_executor.executor.parallel:run_until_complete finished with '2'
[17.865s] DEBUG:colcon.colcon_core.event_reactor:joining thread
[17.942s] INFO:colcon.colcon_core.plugin_system:Skipping extension 'colcon_notification.desktop_notification.notify_send': Could not find 'notify-send'
[17.943s] INFO:colcon.colcon_core.plugin_system:Skipping extension 'colcon_notification.desktop_notification.terminal_notifier': Not used on non-Darwin systems
[17.943s] INFO:colcon.colcon_core.plugin_system:Skipping extension 'colcon_notification.desktop_notification.win32': Not used on non-Windows systems
[17.943s] INFO:colcon.colcon_notification.desktop_notification:Sending desktop notification using 'notify2'
[17.944s] DEBUG:colcon.colcon_notification.desktop_notification.notify2:Failed to initialize notify2: org.freedesktop.DBus.Error.FileNotFound: Failed to connect to socket /run/user/1000/bus: No such file or directory
[17.944s] DEBUG:colcon.colcon_core.event_reactor:joined thread
[17.944s] INFO:colcon.colcon_core.shell:Creating prefix script '/mnt/c/Users/harry/ros_ws/install/local_setup.ps1'
[17.951s] INFO:colcon.colcon_core.shell:Creating prefix util module '/mnt/c/Users/harry/ros_ws/install/_local_setup_util_ps1.py'
[17.956s] INFO:colcon.colcon_core.shell:Creating prefix chain script '/mnt/c/Users/harry/ros_ws/install/setup.ps1'
[17.967s] INFO:colcon.colcon_core.shell:Creating prefix script '/mnt/c/Users/harry/ros_ws/install/local_setup.sh'
[17.972s] INFO:colcon.colcon_core.shell:Creating prefix util module '/mnt/c/Users/harry/ros_ws/install/_local_setup_util_sh.py'
[17.976s] INFO:colcon.colcon_core.shell:Creating prefix chain script '/mnt/c/Users/harry/ros_ws/install/setup.sh'
[17.986s] INFO:colcon.colcon_core.shell:Creating prefix script '/mnt/c/Users/harry/ros_ws/install/local_setup.bash'
[17.990s] INFO:colcon.colcon_core.shell:Creating prefix chain script '/mnt/c/Users/harry/ros_ws/install/setup.bash'
[18.002s] INFO:colcon.colcon_core.shell:Creating prefix script '/mnt/c/Users/harry/ros_ws/install/local_setup.zsh'
[18.005s] INFO:colcon.colcon_core.shell:Creating prefix chain script '/mnt/c/Users/harry/ros_ws/install/setup.zsh'
