[0.211s] DEBUG:colcon:Command line arguments: ['/usr/bin/colcon', 'build', '--packages-select', 'andromeda_proximity_filter']
[0.212s] DEBUG:colcon:Parsed command line arguments: Namespace(log_base=None, log_level=None, verb_name='build', build_base='build', install_base='install', merge_install=False, symlink_install=False, test_result_base=None, continue_on_error=False, executor='parallel', parallel_workers=16, event_handlers=None, ignore_user_meta=False, metas=['./colcon.meta'], base_paths=['.'], packages_ignore=None, packages_ignore_regex=None, paths=None, packages_up_to=None, packages_up_to_regex=None, packages_above=None, packages_above_and_dependencies=None, packages_above_depth=None, packages_select_by_dep=None, packages_skip_by_dep=None, packages_skip_up_to=None, packages_select_build_failed=False, packages_skip_build_finished=False, packages_select_test_failures=False, packages_skip_test_passed=False, packages_select=['andromeda_proximity_filter'], packages_skip=None, packages_select_regex=None, packages_skip_regex=None, packages_start=None, packages_end=None, allow_overriding=[], cmake_args=None, cmake_target=None, cmake_target_skip_unavailable=False, cmake_clean_cache=False, cmake_clean_first=False, cmake_force_configure=False, ament_cmake_args=None, catkin_cmake_args=None, catkin_skip_building_tests=False, verb_parser=<colcon_defaults.argument_parser.defaults.DefaultArgumentsDecorator object at 0x718828b68220>, verb_extension=<colcon_core.verb.build.BuildVerb object at 0x718828b3fd90>, main=<bound method BuildVerb.main of <colcon_core.verb.build.BuildVerb object at 0x718828b3fd90>>)
[0.332s] Level 1:colcon.colcon_core.package_discovery:discover_packages(colcon_meta) check parameters
[0.333s] Level 1:colcon.colcon_core.package_discovery:discover_packages(recursive) check parameters
[0.333s] Level 1:colcon.colcon_core.package_discovery:discover_packages(ignore) check parameters
[0.334s] Level 1:colcon.colcon_core.package_discovery:discover_packages(path) check parameters
[0.334s] Level 1:colcon.colcon_core.package_discovery:discover_packages(colcon_meta) discover
[0.334s] Level 1:colcon.colcon_core.package_discovery:discover_packages(recursive) discover
[0.335s] INFO:colcon.colcon_core.package_discovery:Crawling recursively for packages in '/mnt/c/Users/harry/ros_ws'
[0.336s] Level 1:colcon.colcon_core.package_identification:_identify(.) by extensions ['ignore', 'ignore_ament_install']
[0.336s] Level 1:colcon.colcon_core.package_identification:_identify(.) by extension 'ignore'
[0.337s] Level 1:colcon.colcon_core.package_identification:_identify(.) by extension 'ignore_ament_install'
[0.337s] Level 1:colcon.colcon_core.package_identification:_identify(.) by extensions ['colcon_pkg']
[0.337s] Level 1:colcon.colcon_core.package_identification:_identify(.) by extension 'colcon_pkg'
[0.338s] Level 1:colcon.colcon_core.package_identification:_identify(.) by extensions ['colcon_meta']
[0.338s] Level 1:colcon.colcon_core.package_identification:_identify(.) by extension 'colcon_meta'
[0.338s] Level 1:colcon.colcon_core.package_identification:_identify(.) by extensions ['ros']
[0.339s] Level 1:colcon.colcon_core.package_identification:_identify(.) by extension 'ros'
[0.348s] Level 1:colcon.colcon_core.package_identification:_identify(.) by extensions ['cmake', 'python']
[0.348s] Level 1:colcon.colcon_core.package_identification:_identify(.) by extension 'cmake'
[0.349s] Level 1:colcon.colcon_core.package_identification:_identify(.) by extension 'python'
[0.349s] Level 1:colcon.colcon_core.package_identification:_identify(.) by extensions ['python_setup_py']
[0.349s] Level 1:colcon.colcon_core.package_identification:_identify(.) by extension 'python_setup_py'
[0.351s] Level 1:colcon.colcon_core.package_identification:_identify(build) by extensions ['ignore', 'ignore_ament_install']
[0.351s] Level 1:colcon.colcon_core.package_identification:_identify(build) by extension 'ignore'
[0.352s] Level 1:colcon.colcon_core.package_identification:_identify(build) ignored
[0.354s] Level 1:colcon.colcon_core.package_identification:_identify(install) by extensions ['ignore', 'ignore_ament_install']
[0.354s] Level 1:colcon.colcon_core.package_identification:_identify(install) by extension 'ignore'
[0.355s] Level 1:colcon.colcon_core.package_identification:_identify(install) ignored
[0.358s] Level 1:colcon.colcon_core.package_identification:_identify(log) by extensions ['ignore', 'ignore_ament_install']
[0.359s] Level 1:colcon.colcon_core.package_identification:_identify(log) by extension 'ignore'
[0.359s] Level 1:colcon.colcon_core.package_identification:_identify(log) ignored
[0.360s] Level 1:colcon.colcon_core.package_identification:_identify(src) by extensions ['ignore', 'ignore_ament_install']
[0.360s] Level 1:colcon.colcon_core.package_identification:_identify(src) by extension 'ignore'
[0.361s] Level 1:colcon.colcon_core.package_identification:_identify(src) by extension 'ignore_ament_install'
[0.361s] Level 1:colcon.colcon_core.package_identification:_identify(src) by extensions ['colcon_pkg']
[0.361s] Level 1:colcon.colcon_core.package_identification:_identify(src) by extension 'colcon_pkg'
[0.362s] Level 1:colcon.colcon_core.package_identification:_identify(src) by extensions ['colcon_meta']
[0.362s] Level 1:colcon.colcon_core.package_identification:_identify(src) by extension 'colcon_meta'
[0.362s] Level 1:colcon.colcon_core.package_identification:_identify(src) by extensions ['ros']
[0.362s] Level 1:colcon.colcon_core.package_identification:_identify(src) by extension 'ros'
[0.363s] Level 1:colcon.colcon_core.package_identification:_identify(src) by extensions ['cmake', 'python']
[0.363s] Level 1:colcon.colcon_core.package_identification:_identify(src) by extension 'cmake'
[0.363s] Level 1:colcon.colcon_core.package_identification:_identify(src) by extension 'python'
[0.364s] Level 1:colcon.colcon_core.package_identification:_identify(src) by extensions ['python_setup_py']
[0.364s] Level 1:colcon.colcon_core.package_identification:_identify(src) by extension 'python_setup_py'
[0.365s] Level 1:colcon.colcon_core.package_identification:_identify(src/andromeda_proximity_filter) by extensions ['ignore', 'ignore_ament_install']
[0.365s] Level 1:colcon.colcon_core.package_identification:_identify(src/andromeda_proximity_filter) by extension 'ignore'
[0.366s] Level 1:colcon.colcon_core.package_identification:_identify(src/andromeda_proximity_filter) by extension 'ignore_ament_install'
[0.366s] Level 1:colcon.colcon_core.package_identification:_identify(src/andromeda_proximity_filter) by extensions ['colcon_pkg']
[0.366s] Level 1:colcon.colcon_core.package_identification:_identify(src/andromeda_proximity_filter) by extension 'colcon_pkg'
[0.367s] Level 1:colcon.colcon_core.package_identification:_identify(src/andromeda_proximity_filter) by extensions ['colcon_meta']
[0.367s] Level 1:colcon.colcon_core.package_identification:_identify(src/andromeda_proximity_filter) by extension 'colcon_meta'
[0.368s] Level 1:colcon.colcon_core.package_identification:_identify(src/andromeda_proximity_filter) by extensions ['ros']
[0.368s] Level 1:colcon.colcon_core.package_identification:_identify(src/andromeda_proximity_filter) by extension 'ros'
[0.374s] DEBUG:colcon.colcon_core.package_identification:Package 'src/andromeda_proximity_filter' with type 'ros.ament_cmake' and name 'andromeda_proximity_filter'
[0.374s] Level 1:colcon.colcon_core.package_discovery:discover_packages(recursive) using defaults
[0.374s] Level 1:colcon.colcon_core.package_discovery:discover_packages(ignore) discover
[0.374s] Level 1:colcon.colcon_core.package_discovery:discover_packages(ignore) using defaults
[0.374s] Level 1:colcon.colcon_core.package_discovery:discover_packages(path) discover
[0.374s] Level 1:colcon.colcon_core.package_discovery:discover_packages(path) using defaults
[0.392s] Level 1:colcon.colcon_core.package_discovery:discover_packages(prefix_path) check parameters
[0.392s] Level 1:colcon.colcon_core.package_discovery:discover_packages(prefix_path) discover
[0.424s] DEBUG:colcon.colcon_installed_package_information.package_discovery:Found 1 installed packages in /mnt/c/Users/harry/ros_ws/install
[0.425s] DEBUG:colcon.colcon_installed_package_information.package_discovery:Found 438 installed packages in /opt/ros/humble
[0.434s] Level 1:colcon.colcon_core.package_discovery:discover_packages(prefix_path) using defaults
[0.481s] Level 5:colcon.colcon_core.verb:set package 'andromeda_proximity_filter' build argument 'cmake_args' from command line to 'None'
[0.481s] Level 5:colcon.colcon_core.verb:set package 'andromeda_proximity_filter' build argument 'cmake_target' from command line to 'None'
[0.482s] Level 5:colcon.colcon_core.verb:set package 'andromeda_proximity_filter' build argument 'cmake_target_skip_unavailable' from command line to 'False'
[0.482s] Level 5:colcon.colcon_core.verb:set package 'andromeda_proximity_filter' build argument 'cmake_clean_cache' from command line to 'False'
[0.482s] Level 5:colcon.colcon_core.verb:set package 'andromeda_proximity_filter' build argument 'cmake_clean_first' from command line to 'False'
[0.482s] Level 5:colcon.colcon_core.verb:set package 'andromeda_proximity_filter' build argument 'cmake_force_configure' from command line to 'False'
[0.483s] Level 5:colcon.colcon_core.verb:set package 'andromeda_proximity_filter' build argument 'ament_cmake_args' from command line to 'None'
[0.483s] Level 5:colcon.colcon_core.verb:set package 'andromeda_proximity_filter' build argument 'catkin_cmake_args' from command line to 'None'
[0.483s] Level 5:colcon.colcon_core.verb:set package 'andromeda_proximity_filter' build argument 'catkin_skip_building_tests' from command line to 'False'
[0.483s] DEBUG:colcon.colcon_core.verb:Building package 'andromeda_proximity_filter' with the following arguments: {'ament_cmake_args': None, 'build_base': '/mnt/c/Users/harry/ros_ws/build/andromeda_proximity_filter', 'catkin_cmake_args': None, 'catkin_skip_building_tests': False, 'cmake_args': None, 'cmake_clean_cache': False, 'cmake_clean_first': False, 'cmake_force_configure': False, 'cmake_target': None, 'cmake_target_skip_unavailable': False, 'install_base': '/mnt/c/Users/harry/ros_ws/install/andromeda_proximity_filter', 'merge_install': False, 'path': '/mnt/c/Users/harry/ros_ws/src/andromeda_proximity_filter', 'symlink_install': False, 'test_result_base': None}
[0.484s] INFO:colcon.colcon_core.executor:Executing jobs using 'parallel' executor
[0.485s] DEBUG:colcon.colcon_parallel_executor.executor.parallel:run_until_complete
[0.485s] INFO:colcon.colcon_ros.task.ament_cmake.build:Building ROS package in '/mnt/c/Users/harry/ros_ws/src/andromeda_proximity_filter' with build type 'ament_cmake'
[0.485s] INFO:colcon.colcon_cmake.task.cmake.build:Building CMake package in '/mnt/c/Users/harry/ros_ws/src/andromeda_proximity_filter'
[0.487s] INFO:colcon.colcon_core.plugin_system:Skipping extension 'colcon_core.shell.bat': Not used on non-Windows systems
[0.488s] INFO:colcon.colcon_core.shell:Skip shell extension 'powershell' for command environment: Not usable outside of PowerShell
[0.488s] DEBUG:colcon.colcon_core.shell:Skip shell extension 'dsv' for command environment
[0.562s] DEBUG:colcon.colcon_core.event_handler.log_command:Invoking command in '/mnt/c/Users/harry/ros_ws/build/andromeda_proximity_filter': CMAKE_PREFIX_PATH=${CMAKE_PREFIX_PATH}:/opt/ros/humble /usr/bin/cmake --build /mnt/c/Users/harry/ros_ws/build/andromeda_proximity_filter -- -j16 -l16
[12.792s] DEBUG:colcon.colcon_core.event_handler.log_command:Invoked command in '/mnt/c/Users/harry/ros_ws/build/andromeda_proximity_filter' returned '0': CMAKE_PREFIX_PATH=${CMAKE_PREFIX_PATH}:/opt/ros/humble /usr/bin/cmake --build /mnt/c/Users/harry/ros_ws/build/andromeda_proximity_filter -- -j16 -l16
[12.816s] DEBUG:colcon.colcon_core.event_handler.log_command:Invoking command in '/mnt/c/Users/harry/ros_ws/build/andromeda_proximity_filter': CMAKE_PREFIX_PATH=${CMAKE_PREFIX_PATH}:/opt/ros/humble /usr/bin/cmake --install /mnt/c/Users/harry/ros_ws/build/andromeda_proximity_filter
[14.134s] Level 1:colcon.colcon_core.environment:create_environment_scripts_only(andromeda_proximity_filter)
[14.136s] DEBUG:colcon.colcon_core.event_handler.log_command:Invoked command in '/mnt/c/Users/harry/ros_ws/build/andromeda_proximity_filter' returned '0': CMAKE_PREFIX_PATH=${CMAKE_PREFIX_PATH}:/opt/ros/humble /usr/bin/cmake --install /mnt/c/Users/harry/ros_ws/build/andromeda_proximity_filter
[14.136s] Level 1:colcon.colcon_core.environment:checking '/mnt/c/Users/harry/ros_ws/install/andromeda_proximity_filter' for CMake module files
[14.205s] Level 1:colcon.colcon_core.environment:checking '/mnt/c/Users/harry/ros_ws/install/andromeda_proximity_filter' for CMake config files
[14.247s] Level 1:colcon.colcon_core.shell:create_environment_hook('andromeda_proximity_filter', 'cmake_prefix_path')
[14.247s] INFO:colcon.colcon_core.shell:Creating environment hook '/mnt/c/Users/harry/ros_ws/install/andromeda_proximity_filter/share/andromeda_proximity_filter/hook/cmake_prefix_path.ps1'
[14.258s] INFO:colcon.colcon_core.shell:Creating environment descriptor '/mnt/c/Users/harry/ros_ws/install/andromeda_proximity_filter/share/andromeda_proximity_filter/hook/cmake_prefix_path.dsv'
[14.269s] INFO:colcon.colcon_core.shell:Creating environment hook '/mnt/c/Users/harry/ros_ws/install/andromeda_proximity_filter/share/andromeda_proximity_filter/hook/cmake_prefix_path.sh'
[14.284s] Level 1:colcon.colcon_core.environment:checking '/mnt/c/Users/harry/ros_ws/install/andromeda_proximity_filter/lib'
[14.287s] Level 1:colcon.colcon_core.environment:checking '/mnt/c/Users/harry/ros_ws/install/andromeda_proximity_filter/bin'
[14.289s] Level 1:colcon.colcon_core.environment:checking '/mnt/c/Users/harry/ros_ws/install/andromeda_proximity_filter/lib/pkgconfig/andromeda_proximity_filter.pc'
[14.290s] Level 1:colcon.colcon_core.environment:checking '/mnt/c/Users/harry/ros_ws/install/andromeda_proximity_filter/lib/python3.10/site-packages'
[14.292s] Level 1:colcon.colcon_core.environment:checking '/mnt/c/Users/harry/ros_ws/install/andromeda_proximity_filter/bin'
[14.294s] INFO:colcon.colcon_core.shell:Creating package script '/mnt/c/Users/harry/ros_ws/install/andromeda_proximity_filter/share/andromeda_proximity_filter/package.ps1'
[14.304s] INFO:colcon.colcon_core.shell:Creating package descriptor '/mnt/c/Users/harry/ros_ws/install/andromeda_proximity_filter/share/andromeda_proximity_filter/package.dsv'
[14.313s] INFO:colcon.colcon_core.shell:Creating package script '/mnt/c/Users/harry/ros_ws/install/andromeda_proximity_filter/share/andromeda_proximity_filter/package.sh'
[14.323s] INFO:colcon.colcon_core.shell:Creating package script '/mnt/c/Users/harry/ros_ws/install/andromeda_proximity_filter/share/andromeda_proximity_filter/package.bash'
[14.332s] INFO:colcon.colcon_core.shell:Creating package script '/mnt/c/Users/harry/ros_ws/install/andromeda_proximity_filter/share/andromeda_proximity_filter/package.zsh'
[14.343s] Level 1:colcon.colcon_core.environment:create_file_with_runtime_dependencies(/mnt/c/Users/harry/ros_ws/install/andromeda_proximity_filter/share/colcon-core/packages/andromeda_proximity_filter)
[14.364s] Level 1:colcon.colcon_core.environment:create_environment_scripts_only(andromeda_proximity_filter)
[14.364s] Level 1:colcon.colcon_core.environment:checking '/mnt/c/Users/harry/ros_ws/install/andromeda_proximity_filter' for CMake module files
[14.445s] Level 1:colcon.colcon_core.environment:checking '/mnt/c/Users/harry/ros_ws/install/andromeda_proximity_filter' for CMake config files
[14.488s] Level 1:colcon.colcon_core.shell:create_environment_hook('andromeda_proximity_filter', 'cmake_prefix_path')
[14.488s] INFO:colcon.colcon_core.shell:Creating environment hook '/mnt/c/Users/harry/ros_ws/install/andromeda_proximity_filter/share/andromeda_proximity_filter/hook/cmake_prefix_path.ps1'
[14.501s] INFO:colcon.colcon_core.shell:Creating environment descriptor '/mnt/c/Users/harry/ros_ws/install/andromeda_proximity_filter/share/andromeda_proximity_filter/hook/cmake_prefix_path.dsv'
[14.514s] INFO:colcon.colcon_core.shell:Creating environment hook '/mnt/c/Users/harry/ros_ws/install/andromeda_proximity_filter/share/andromeda_proximity_filter/hook/cmake_prefix_path.sh'
[14.529s] Level 1:colcon.colcon_core.environment:checking '/mnt/c/Users/harry/ros_ws/install/andromeda_proximity_filter/lib'
[14.532s] Level 1:colcon.colcon_core.environment:checking '/mnt/c/Users/harry/ros_ws/install/andromeda_proximity_filter/bin'
[14.534s] Level 1:colcon.colcon_core.environment:checking '/mnt/c/Users/harry/ros_ws/install/andromeda_proximity_filter/lib/pkgconfig/andromeda_proximity_filter.pc'
[14.535s] Level 1:colcon.colcon_core.environment:checking '/mnt/c/Users/harry/ros_ws/install/andromeda_proximity_filter/lib/python3.10/site-packages'
[14.537s] Level 1:colcon.colcon_core.environment:checking '/mnt/c/Users/harry/ros_ws/install/andromeda_proximity_filter/bin'
[14.538s] INFO:colcon.colcon_core.shell:Creating package script '/mnt/c/Users/harry/ros_ws/install/andromeda_proximity_filter/share/andromeda_proximity_filter/package.ps1'
[14.549s] INFO:colcon.colcon_core.shell:Creating package descriptor '/mnt/c/Users/harry/ros_ws/install/andromeda_proximity_filter/share/andromeda_proximity_filter/package.dsv'
[14.559s] INFO:colcon.colcon_core.shell:Creating package script '/mnt/c/Users/harry/ros_ws/install/andromeda_proximity_filter/share/andromeda_proximity_filter/package.sh'
[14.570s] INFO:colcon.colcon_core.shell:Creating package script '/mnt/c/Users/harry/ros_ws/install/andromeda_proximity_filter/share/andromeda_proximity_filter/package.bash'
[14.580s] INFO:colcon.colcon_core.shell:Creating package script '/mnt/c/Users/harry/ros_ws/install/andromeda_proximity_filter/share/andromeda_proximity_filter/package.zsh'
[14.592s] Level 1:colcon.colcon_core.environment:create_file_with_runtime_dependencies(/mnt/c/Users/harry/ros_ws/install/andromeda_proximity_filter/share/colcon-core/packages/andromeda_proximity_filter)
[14.601s] DEBUG:colcon.colcon_parallel_executor.executor.parallel:closing loop
[14.602s] DEBUG:colcon.colcon_parallel_executor.executor.parallel:loop closed
[14.602s] DEBUG:colcon.colcon_parallel_executor.executor.parallel:run_until_complete finished with '0'
[14.603s] DEBUG:colcon.colcon_core.event_reactor:joining thread
[14.677s] INFO:colcon.colcon_core.plugin_system:Skipping extension 'colcon_notification.desktop_notification.notify_send': Could not find 'notify-send'
[14.677s] INFO:colcon.colcon_core.plugin_system:Skipping extension 'colcon_notification.desktop_notification.terminal_notifier': Not used on non-Darwin systems
[14.678s] INFO:colcon.colcon_core.plugin_system:Skipping extension 'colcon_notification.desktop_notification.win32': Not used on non-Windows systems
[14.678s] INFO:colcon.colcon_notification.desktop_notification:Sending desktop notification using 'notify2'
[14.678s] DEBUG:colcon.colcon_notification.desktop_notification.notify2:Failed to initialize notify2: org.freedesktop.DBus.Error.FileNotFound: Failed to connect to socket /run/user/1000/bus: No such file or directory
[14.678s] DEBUG:colcon.colcon_core.event_reactor:joined thread
[14.679s] INFO:colcon.colcon_core.shell:Creating prefix script '/mnt/c/Users/harry/ros_ws/install/local_setup.ps1'
[14.686s] INFO:colcon.colcon_core.shell:Creating prefix util module '/mnt/c/Users/harry/ros_ws/install/_local_setup_util_ps1.py'
[14.692s] INFO:colcon.colcon_core.shell:Creating prefix chain script '/mnt/c/Users/harry/ros_ws/install/setup.ps1'
[14.705s] INFO:colcon.colcon_core.shell:Creating prefix script '/mnt/c/Users/harry/ros_ws/install/local_setup.sh'
[14.710s] INFO:colcon.colcon_core.shell:Creating prefix util module '/mnt/c/Users/harry/ros_ws/install/_local_setup_util_sh.py'
[14.716s] INFO:colcon.colcon_core.shell:Creating prefix chain script '/mnt/c/Users/harry/ros_ws/install/setup.sh'
[14.731s] INFO:colcon.colcon_core.shell:Creating prefix script '/mnt/c/Users/harry/ros_ws/install/local_setup.bash'
[14.737s] INFO:colcon.colcon_core.shell:Creating prefix chain script '/mnt/c/Users/harry/ros_ws/install/setup.bash'
[14.752s] INFO:colcon.colcon_core.shell:Creating prefix script '/mnt/c/Users/harry/ros_ws/install/local_setup.zsh'
[14.759s] INFO:colcon.colcon_core.shell:Creating prefix chain script '/mnt/c/Users/harry/ros_ws/install/setup.zsh'
