[0.217s] DEBUG:colcon:Command line arguments: ['/usr/bin/colcon', 'build', '--packages-select', 'andromeda_proximity_filter']
[0.218s] DEBUG:colcon:Parsed command line arguments: Namespace(log_base=None, log_level=None, verb_name='build', build_base='build', install_base='install', merge_install=False, symlink_install=False, test_result_base=None, continue_on_error=False, executor='parallel', parallel_workers=16, event_handlers=None, ignore_user_meta=False, metas=['./colcon.meta'], base_paths=['.'], packages_ignore=None, packages_ignore_regex=None, paths=None, packages_up_to=None, packages_up_to_regex=None, packages_above=None, packages_above_and_dependencies=None, packages_above_depth=None, packages_select_by_dep=None, packages_skip_by_dep=None, packages_skip_up_to=None, packages_select_build_failed=False, packages_skip_build_finished=False, packages_select_test_failures=False, packages_skip_test_passed=False, packages_select=['andromeda_proximity_filter'], packages_skip=None, packages_select_regex=None, packages_skip_regex=None, packages_start=None, packages_end=None, allow_overriding=[], cmake_args=None, cmake_target=None, cmake_target_skip_unavailable=False, cmake_clean_cache=False, cmake_clean_first=False, cmake_force_configure=False, ament_cmake_args=None, catkin_cmake_args=None, catkin_skip_building_tests=False, verb_parser=<colcon_defaults.argument_parser.defaults.DefaultArgumentsDecorator object at 0x7b34e2d64220>, verb_extension=<colcon_core.verb.build.BuildVerb object at 0x7b34e2d3bd90>, main=<bound method BuildVerb.main of <colcon_core.verb.build.BuildVerb object at 0x7b34e2d3bd90>>)
[0.338s] Level 1:colcon.colcon_core.package_discovery:discover_packages(colcon_meta) check parameters
[0.338s] Level 1:colcon.colcon_core.package_discovery:discover_packages(recursive) check parameters
[0.339s] Level 1:colcon.colcon_core.package_discovery:discover_packages(ignore) check parameters
[0.339s] Level 1:colcon.colcon_core.package_discovery:discover_packages(path) check parameters
[0.339s] Level 1:colcon.colcon_core.package_discovery:discover_packages(colcon_meta) discover
[0.339s] Level 1:colcon.colcon_core.package_discovery:discover_packages(recursive) discover
[0.340s] INFO:colcon.colcon_core.package_discovery:Crawling recursively for packages in '/mnt/c/Users/harry/ros_ws'
[0.341s] Level 1:colcon.colcon_core.package_identification:_identify(.) by extensions ['ignore', 'ignore_ament_install']
[0.342s] Level 1:colcon.colcon_core.package_identification:_identify(.) by extension 'ignore'
[0.342s] Level 1:colcon.colcon_core.package_identification:_identify(.) by extension 'ignore_ament_install'
[0.342s] Level 1:colcon.colcon_core.package_identification:_identify(.) by extensions ['colcon_pkg']
[0.343s] Level 1:colcon.colcon_core.package_identification:_identify(.) by extension 'colcon_pkg'
[0.343s] Level 1:colcon.colcon_core.package_identification:_identify(.) by extensions ['colcon_meta']
[0.343s] Level 1:colcon.colcon_core.package_identification:_identify(.) by extension 'colcon_meta'
[0.343s] Level 1:colcon.colcon_core.package_identification:_identify(.) by extensions ['ros']
[0.343s] Level 1:colcon.colcon_core.package_identification:_identify(.) by extension 'ros'
[0.352s] Level 1:colcon.colcon_core.package_identification:_identify(.) by extensions ['cmake', 'python']
[0.352s] Level 1:colcon.colcon_core.package_identification:_identify(.) by extension 'cmake'
[0.353s] Level 1:colcon.colcon_core.package_identification:_identify(.) by extension 'python'
[0.353s] Level 1:colcon.colcon_core.package_identification:_identify(.) by extensions ['python_setup_py']
[0.353s] Level 1:colcon.colcon_core.package_identification:_identify(.) by extension 'python_setup_py'
[0.355s] Level 1:colcon.colcon_core.package_identification:_identify(build) by extensions ['ignore', 'ignore_ament_install']
[0.356s] Level 1:colcon.colcon_core.package_identification:_identify(build) by extension 'ignore'
[0.357s] Level 1:colcon.colcon_core.package_identification:_identify(build) ignored
[0.359s] Level 1:colcon.colcon_core.package_identification:_identify(install) by extensions ['ignore', 'ignore_ament_install']
[0.360s] Level 1:colcon.colcon_core.package_identification:_identify(install) by extension 'ignore'
[0.360s] Level 1:colcon.colcon_core.package_identification:_identify(install) ignored
[0.367s] Level 1:colcon.colcon_core.package_identification:_identify(log) by extensions ['ignore', 'ignore_ament_install']
[0.367s] Level 1:colcon.colcon_core.package_identification:_identify(log) by extension 'ignore'
[0.368s] Level 1:colcon.colcon_core.package_identification:_identify(log) ignored
[0.370s] Level 1:colcon.colcon_core.package_identification:_identify(src) by extensions ['ignore', 'ignore_ament_install']
[0.370s] Level 1:colcon.colcon_core.package_identification:_identify(src) by extension 'ignore'
[0.370s] Level 1:colcon.colcon_core.package_identification:_identify(src) by extension 'ignore_ament_install'
[0.371s] Level 1:colcon.colcon_core.package_identification:_identify(src) by extensions ['colcon_pkg']
[0.371s] Level 1:colcon.colcon_core.package_identification:_identify(src) by extension 'colcon_pkg'
[0.371s] Level 1:colcon.colcon_core.package_identification:_identify(src) by extensions ['colcon_meta']
[0.371s] Level 1:colcon.colcon_core.package_identification:_identify(src) by extension 'colcon_meta'
[0.372s] Level 1:colcon.colcon_core.package_identification:_identify(src) by extensions ['ros']
[0.372s] Level 1:colcon.colcon_core.package_identification:_identify(src) by extension 'ros'
[0.373s] Level 1:colcon.colcon_core.package_identification:_identify(src) by extensions ['cmake', 'python']
[0.373s] Level 1:colcon.colcon_core.package_identification:_identify(src) by extension 'cmake'
[0.373s] Level 1:colcon.colcon_core.package_identification:_identify(src) by extension 'python'
[0.374s] Level 1:colcon.colcon_core.package_identification:_identify(src) by extensions ['python_setup_py']
[0.374s] Level 1:colcon.colcon_core.package_identification:_identify(src) by extension 'python_setup_py'
[0.375s] Level 1:colcon.colcon_core.package_identification:_identify(src/andromeda_proximity_filter) by extensions ['ignore', 'ignore_ament_install']
[0.376s] Level 1:colcon.colcon_core.package_identification:_identify(src/andromeda_proximity_filter) by extension 'ignore'
[0.376s] Level 1:colcon.colcon_core.package_identification:_identify(src/andromeda_proximity_filter) by extension 'ignore_ament_install'
[0.377s] Level 1:colcon.colcon_core.package_identification:_identify(src/andromeda_proximity_filter) by extensions ['colcon_pkg']
[0.377s] Level 1:colcon.colcon_core.package_identification:_identify(src/andromeda_proximity_filter) by extension 'colcon_pkg'
[0.377s] Level 1:colcon.colcon_core.package_identification:_identify(src/andromeda_proximity_filter) by extensions ['colcon_meta']
[0.377s] Level 1:colcon.colcon_core.package_identification:_identify(src/andromeda_proximity_filter) by extension 'colcon_meta'
[0.378s] Level 1:colcon.colcon_core.package_identification:_identify(src/andromeda_proximity_filter) by extensions ['ros']
[0.378s] Level 1:colcon.colcon_core.package_identification:_identify(src/andromeda_proximity_filter) by extension 'ros'
[0.384s] DEBUG:colcon.colcon_core.package_identification:Package 'src/andromeda_proximity_filter' with type 'ros.ament_cmake' and name 'andromeda_proximity_filter'
[0.384s] Level 1:colcon.colcon_core.package_discovery:discover_packages(recursive) using defaults
[0.385s] Level 1:colcon.colcon_core.package_discovery:discover_packages(ignore) discover
[0.385s] Level 1:colcon.colcon_core.package_discovery:discover_packages(ignore) using defaults
[0.385s] Level 1:colcon.colcon_core.package_discovery:discover_packages(path) discover
[0.385s] Level 1:colcon.colcon_core.package_discovery:discover_packages(path) using defaults
[0.400s] Level 1:colcon.colcon_core.package_discovery:discover_packages(prefix_path) check parameters
[0.400s] Level 1:colcon.colcon_core.package_discovery:discover_packages(prefix_path) discover
[0.430s] DEBUG:colcon.colcon_installed_package_information.package_discovery:Found 1 installed packages in /mnt/c/Users/harry/ros_ws/install
[0.431s] DEBUG:colcon.colcon_installed_package_information.package_discovery:Found 438 installed packages in /opt/ros/humble
[0.440s] Level 1:colcon.colcon_core.package_discovery:discover_packages(prefix_path) using defaults
[0.486s] Level 5:colcon.colcon_core.verb:set package 'andromeda_proximity_filter' build argument 'cmake_args' from command line to 'None'
[0.486s] Level 5:colcon.colcon_core.verb:set package 'andromeda_proximity_filter' build argument 'cmake_target' from command line to 'None'
[0.486s] Level 5:colcon.colcon_core.verb:set package 'andromeda_proximity_filter' build argument 'cmake_target_skip_unavailable' from command line to 'False'
[0.487s] Level 5:colcon.colcon_core.verb:set package 'andromeda_proximity_filter' build argument 'cmake_clean_cache' from command line to 'False'
[0.487s] Level 5:colcon.colcon_core.verb:set package 'andromeda_proximity_filter' build argument 'cmake_clean_first' from command line to 'False'
[0.487s] Level 5:colcon.colcon_core.verb:set package 'andromeda_proximity_filter' build argument 'cmake_force_configure' from command line to 'False'
[0.488s] Level 5:colcon.colcon_core.verb:set package 'andromeda_proximity_filter' build argument 'ament_cmake_args' from command line to 'None'
[0.488s] Level 5:colcon.colcon_core.verb:set package 'andromeda_proximity_filter' build argument 'catkin_cmake_args' from command line to 'None'
[0.488s] Level 5:colcon.colcon_core.verb:set package 'andromeda_proximity_filter' build argument 'catkin_skip_building_tests' from command line to 'False'
[0.489s] DEBUG:colcon.colcon_core.verb:Building package 'andromeda_proximity_filter' with the following arguments: {'ament_cmake_args': None, 'build_base': '/mnt/c/Users/harry/ros_ws/build/andromeda_proximity_filter', 'catkin_cmake_args': None, 'catkin_skip_building_tests': False, 'cmake_args': None, 'cmake_clean_cache': False, 'cmake_clean_first': False, 'cmake_force_configure': False, 'cmake_target': None, 'cmake_target_skip_unavailable': False, 'install_base': '/mnt/c/Users/harry/ros_ws/install/andromeda_proximity_filter', 'merge_install': False, 'path': '/mnt/c/Users/harry/ros_ws/src/andromeda_proximity_filter', 'symlink_install': False, 'test_result_base': None}
[0.489s] INFO:colcon.colcon_core.executor:Executing jobs using 'parallel' executor
[0.490s] DEBUG:colcon.colcon_parallel_executor.executor.parallel:run_until_complete
[0.490s] INFO:colcon.colcon_ros.task.ament_cmake.build:Building ROS package in '/mnt/c/Users/harry/ros_ws/src/andromeda_proximity_filter' with build type 'ament_cmake'
[0.491s] INFO:colcon.colcon_cmake.task.cmake.build:Building CMake package in '/mnt/c/Users/harry/ros_ws/src/andromeda_proximity_filter'
[0.493s] INFO:colcon.colcon_core.plugin_system:Skipping extension 'colcon_core.shell.bat': Not used on non-Windows systems
[0.493s] INFO:colcon.colcon_core.shell:Skip shell extension 'powershell' for command environment: Not usable outside of PowerShell
[0.494s] DEBUG:colcon.colcon_core.shell:Skip shell extension 'dsv' for command environment
[0.571s] DEBUG:colcon.colcon_core.event_handler.log_command:Invoking command in '/mnt/c/Users/harry/ros_ws/build/andromeda_proximity_filter': CMAKE_PREFIX_PATH=${CMAKE_PREFIX_PATH}:/opt/ros/humble /usr/bin/cmake --build /mnt/c/Users/harry/ros_ws/build/andromeda_proximity_filter -- -j16 -l16
[12.830s] DEBUG:colcon.colcon_core.event_handler.log_command:Invoked command in '/mnt/c/Users/harry/ros_ws/build/andromeda_proximity_filter' returned '0': CMAKE_PREFIX_PATH=${CMAKE_PREFIX_PATH}:/opt/ros/humble /usr/bin/cmake --build /mnt/c/Users/harry/ros_ws/build/andromeda_proximity_filter -- -j16 -l16
[12.855s] DEBUG:colcon.colcon_core.event_handler.log_command:Invoking command in '/mnt/c/Users/harry/ros_ws/build/andromeda_proximity_filter': CMAKE_PREFIX_PATH=${CMAKE_PREFIX_PATH}:/opt/ros/humble /usr/bin/cmake --install /mnt/c/Users/harry/ros_ws/build/andromeda_proximity_filter
[13.549s] Level 1:colcon.colcon_core.environment:create_environment_scripts_only(andromeda_proximity_filter)
[13.551s] DEBUG:colcon.colcon_core.event_handler.log_command:Invoked command in '/mnt/c/Users/harry/ros_ws/build/andromeda_proximity_filter' returned '0': CMAKE_PREFIX_PATH=${CMAKE_PREFIX_PATH}:/opt/ros/humble /usr/bin/cmake --install /mnt/c/Users/harry/ros_ws/build/andromeda_proximity_filter
[13.552s] Level 1:colcon.colcon_core.environment:checking '/mnt/c/Users/harry/ros_ws/install/andromeda_proximity_filter' for CMake module files
[13.620s] Level 1:colcon.colcon_core.environment:checking '/mnt/c/Users/harry/ros_ws/install/andromeda_proximity_filter' for CMake config files
[13.670s] Level 1:colcon.colcon_core.shell:create_environment_hook('andromeda_proximity_filter', 'cmake_prefix_path')
[13.670s] INFO:colcon.colcon_core.shell:Creating environment hook '/mnt/c/Users/harry/ros_ws/install/andromeda_proximity_filter/share/andromeda_proximity_filter/hook/cmake_prefix_path.ps1'
[13.684s] INFO:colcon.colcon_core.shell:Creating environment descriptor '/mnt/c/Users/harry/ros_ws/install/andromeda_proximity_filter/share/andromeda_proximity_filter/hook/cmake_prefix_path.dsv'
[13.697s] INFO:colcon.colcon_core.shell:Creating environment hook '/mnt/c/Users/harry/ros_ws/install/andromeda_proximity_filter/share/andromeda_proximity_filter/hook/cmake_prefix_path.sh'
[13.713s] Level 1:colcon.colcon_core.environment:checking '/mnt/c/Users/harry/ros_ws/install/andromeda_proximity_filter/lib'
[13.714s] Level 1:colcon.colcon_core.environment:checking '/mnt/c/Users/harry/ros_ws/install/andromeda_proximity_filter/bin'
[13.715s] Level 1:colcon.colcon_core.environment:checking '/mnt/c/Users/harry/ros_ws/install/andromeda_proximity_filter/lib/pkgconfig/andromeda_proximity_filter.pc'
[13.717s] Level 1:colcon.colcon_core.environment:checking '/mnt/c/Users/harry/ros_ws/install/andromeda_proximity_filter/lib/python3.10/site-packages'
[13.719s] Level 1:colcon.colcon_core.environment:checking '/mnt/c/Users/harry/ros_ws/install/andromeda_proximity_filter/bin'
[13.720s] INFO:colcon.colcon_core.shell:Creating package script '/mnt/c/Users/harry/ros_ws/install/andromeda_proximity_filter/share/andromeda_proximity_filter/package.ps1'
[13.731s] INFO:colcon.colcon_core.shell:Creating package descriptor '/mnt/c/Users/harry/ros_ws/install/andromeda_proximity_filter/share/andromeda_proximity_filter/package.dsv'
[13.739s] INFO:colcon.colcon_core.shell:Creating package script '/mnt/c/Users/harry/ros_ws/install/andromeda_proximity_filter/share/andromeda_proximity_filter/package.sh'
[13.747s] INFO:colcon.colcon_core.shell:Creating package script '/mnt/c/Users/harry/ros_ws/install/andromeda_proximity_filter/share/andromeda_proximity_filter/package.bash'
[13.758s] INFO:colcon.colcon_core.shell:Creating package script '/mnt/c/Users/harry/ros_ws/install/andromeda_proximity_filter/share/andromeda_proximity_filter/package.zsh'
[13.766s] Level 1:colcon.colcon_core.environment:create_file_with_runtime_dependencies(/mnt/c/Users/harry/ros_ws/install/andromeda_proximity_filter/share/colcon-core/packages/andromeda_proximity_filter)
[13.785s] Level 1:colcon.colcon_core.environment:create_environment_scripts_only(andromeda_proximity_filter)
[13.786s] Level 1:colcon.colcon_core.environment:checking '/mnt/c/Users/harry/ros_ws/install/andromeda_proximity_filter' for CMake module files
[13.860s] Level 1:colcon.colcon_core.environment:checking '/mnt/c/Users/harry/ros_ws/install/andromeda_proximity_filter' for CMake config files
[13.903s] Level 1:colcon.colcon_core.shell:create_environment_hook('andromeda_proximity_filter', 'cmake_prefix_path')
[13.904s] INFO:colcon.colcon_core.shell:Creating environment hook '/mnt/c/Users/harry/ros_ws/install/andromeda_proximity_filter/share/andromeda_proximity_filter/hook/cmake_prefix_path.ps1'
[13.916s] INFO:colcon.colcon_core.shell:Creating environment descriptor '/mnt/c/Users/harry/ros_ws/install/andromeda_proximity_filter/share/andromeda_proximity_filter/hook/cmake_prefix_path.dsv'
[13.930s] INFO:colcon.colcon_core.shell:Creating environment hook '/mnt/c/Users/harry/ros_ws/install/andromeda_proximity_filter/share/andromeda_proximity_filter/hook/cmake_prefix_path.sh'
[13.942s] Level 1:colcon.colcon_core.environment:checking '/mnt/c/Users/harry/ros_ws/install/andromeda_proximity_filter/lib'
[13.943s] Level 1:colcon.colcon_core.environment:checking '/mnt/c/Users/harry/ros_ws/install/andromeda_proximity_filter/bin'
[13.944s] Level 1:colcon.colcon_core.environment:checking '/mnt/c/Users/harry/ros_ws/install/andromeda_proximity_filter/lib/pkgconfig/andromeda_proximity_filter.pc'
[13.946s] Level 1:colcon.colcon_core.environment:checking '/mnt/c/Users/harry/ros_ws/install/andromeda_proximity_filter/lib/python3.10/site-packages'
[13.947s] Level 1:colcon.colcon_core.environment:checking '/mnt/c/Users/harry/ros_ws/install/andromeda_proximity_filter/bin'
[13.949s] INFO:colcon.colcon_core.shell:Creating package script '/mnt/c/Users/harry/ros_ws/install/andromeda_proximity_filter/share/andromeda_proximity_filter/package.ps1'
[13.960s] INFO:colcon.colcon_core.shell:Creating package descriptor '/mnt/c/Users/harry/ros_ws/install/andromeda_proximity_filter/share/andromeda_proximity_filter/package.dsv'
[13.968s] INFO:colcon.colcon_core.shell:Creating package script '/mnt/c/Users/harry/ros_ws/install/andromeda_proximity_filter/share/andromeda_proximity_filter/package.sh'
[13.977s] INFO:colcon.colcon_core.shell:Creating package script '/mnt/c/Users/harry/ros_ws/install/andromeda_proximity_filter/share/andromeda_proximity_filter/package.bash'
[13.987s] INFO:colcon.colcon_core.shell:Creating package script '/mnt/c/Users/harry/ros_ws/install/andromeda_proximity_filter/share/andromeda_proximity_filter/package.zsh'
[13.999s] Level 1:colcon.colcon_core.environment:create_file_with_runtime_dependencies(/mnt/c/Users/harry/ros_ws/install/andromeda_proximity_filter/share/colcon-core/packages/andromeda_proximity_filter)
[14.007s] DEBUG:colcon.colcon_parallel_executor.executor.parallel:closing loop
[14.008s] DEBUG:colcon.colcon_parallel_executor.executor.parallel:loop closed
[14.008s] DEBUG:colcon.colcon_parallel_executor.executor.parallel:run_until_complete finished with '0'
[14.009s] DEBUG:colcon.colcon_core.event_reactor:joining thread
[14.077s] INFO:colcon.colcon_core.plugin_system:Skipping extension 'colcon_notification.desktop_notification.notify_send': Could not find 'notify-send'
[14.077s] INFO:colcon.colcon_core.plugin_system:Skipping extension 'colcon_notification.desktop_notification.terminal_notifier': Not used on non-Darwin systems
[14.077s] INFO:colcon.colcon_core.plugin_system:Skipping extension 'colcon_notification.desktop_notification.win32': Not used on non-Windows systems
[14.077s] INFO:colcon.colcon_notification.desktop_notification:Sending desktop notification using 'notify2'
[14.078s] DEBUG:colcon.colcon_notification.desktop_notification.notify2:Failed to initialize notify2: org.freedesktop.DBus.Error.FileNotFound: Failed to connect to socket /run/user/1000/bus: No such file or directory
[14.078s] DEBUG:colcon.colcon_core.event_reactor:joined thread
[14.078s] INFO:colcon.colcon_core.shell:Creating prefix script '/mnt/c/Users/harry/ros_ws/install/local_setup.ps1'
[14.084s] INFO:colcon.colcon_core.shell:Creating prefix util module '/mnt/c/Users/harry/ros_ws/install/_local_setup_util_ps1.py'
[14.090s] INFO:colcon.colcon_core.shell:Creating prefix chain script '/mnt/c/Users/harry/ros_ws/install/setup.ps1'
[14.102s] INFO:colcon.colcon_core.shell:Creating prefix script '/mnt/c/Users/harry/ros_ws/install/local_setup.sh'
[14.106s] INFO:colcon.colcon_core.shell:Creating prefix util module '/mnt/c/Users/harry/ros_ws/install/_local_setup_util_sh.py'
[14.110s] INFO:colcon.colcon_core.shell:Creating prefix chain script '/mnt/c/Users/harry/ros_ws/install/setup.sh'
[14.121s] INFO:colcon.colcon_core.shell:Creating prefix script '/mnt/c/Users/harry/ros_ws/install/local_setup.bash'
[14.126s] INFO:colcon.colcon_core.shell:Creating prefix chain script '/mnt/c/Users/harry/ros_ws/install/setup.bash'
[14.137s] INFO:colcon.colcon_core.shell:Creating prefix script '/mnt/c/Users/harry/ros_ws/install/local_setup.zsh'
[14.141s] INFO:colcon.colcon_core.shell:Creating prefix chain script '/mnt/c/Users/harry/ros_ws/install/setup.zsh'
