[0.248s] DEBUG:colcon:Command line arguments: ['/usr/bin/colcon', 'build', '--packages-select', 'andromeda_proximity_filter']
[0.248s] DEBUG:colcon:Parsed command line arguments: Namespace(log_base=None, log_level=None, verb_name='build', build_base='build', install_base='install', merge_install=False, symlink_install=False, test_result_base=None, continue_on_error=False, executor='parallel', parallel_workers=16, event_handlers=None, ignore_user_meta=False, metas=['./colcon.meta'], base_paths=['.'], packages_ignore=None, packages_ignore_regex=None, paths=None, packages_up_to=None, packages_up_to_regex=None, packages_above=None, packages_above_and_dependencies=None, packages_above_depth=None, packages_select_by_dep=None, packages_skip_by_dep=None, packages_skip_up_to=None, packages_select_build_failed=False, packages_skip_build_finished=False, packages_select_test_failures=False, packages_skip_test_passed=False, packages_select=['andromeda_proximity_filter'], packages_skip=None, packages_select_regex=None, packages_skip_regex=None, packages_start=None, packages_end=None, allow_overriding=[], cmake_args=None, cmake_target=None, cmake_target_skip_unavailable=False, cmake_clean_cache=False, cmake_clean_first=False, cmake_force_configure=False, ament_cmake_args=None, catkin_cmake_args=None, catkin_skip_building_tests=False, verb_parser=<colcon_defaults.argument_parser.defaults.DefaultArgumentsDecorator object at 0x75d918864220>, verb_extension=<colcon_core.verb.build.BuildVerb object at 0x75d918837d90>, main=<bound method BuildVerb.main of <colcon_core.verb.build.BuildVerb object at 0x75d918837d90>>)
[0.498s] Level 1:colcon.colcon_core.package_discovery:discover_packages(colcon_meta) check parameters
[0.498s] Level 1:colcon.colcon_core.package_discovery:discover_packages(recursive) check parameters
[0.499s] Level 1:colcon.colcon_core.package_discovery:discover_packages(ignore) check parameters
[0.499s] Level 1:colcon.colcon_core.package_discovery:discover_packages(path) check parameters
[0.500s] Level 1:colcon.colcon_core.package_discovery:discover_packages(colcon_meta) discover
[0.500s] Level 1:colcon.colcon_core.package_discovery:discover_packages(recursive) discover
[0.500s] INFO:colcon.colcon_core.package_discovery:Crawling recursively for packages in '/mnt/c/Users/harry/ros_ws'
[0.502s] Level 1:colcon.colcon_core.package_identification:_identify(.) by extensions ['ignore', 'ignore_ament_install']
[0.503s] Level 1:colcon.colcon_core.package_identification:_identify(.) by extension 'ignore'
[0.503s] Level 1:colcon.colcon_core.package_identification:_identify(.) by extension 'ignore_ament_install'
[0.504s] Level 1:colcon.colcon_core.package_identification:_identify(.) by extensions ['colcon_pkg']
[0.504s] Level 1:colcon.colcon_core.package_identification:_identify(.) by extension 'colcon_pkg'
[0.505s] Level 1:colcon.colcon_core.package_identification:_identify(.) by extensions ['colcon_meta']
[0.505s] Level 1:colcon.colcon_core.package_identification:_identify(.) by extension 'colcon_meta'
[0.505s] Level 1:colcon.colcon_core.package_identification:_identify(.) by extensions ['ros']
[0.505s] Level 1:colcon.colcon_core.package_identification:_identify(.) by extension 'ros'
[0.518s] Level 1:colcon.colcon_core.package_identification:_identify(.) by extensions ['cmake', 'python']
[0.518s] Level 1:colcon.colcon_core.package_identification:_identify(.) by extension 'cmake'
[0.518s] Level 1:colcon.colcon_core.package_identification:_identify(.) by extension 'python'
[0.519s] Level 1:colcon.colcon_core.package_identification:_identify(.) by extensions ['python_setup_py']
[0.519s] Level 1:colcon.colcon_core.package_identification:_identify(.) by extension 'python_setup_py'
[0.521s] Level 1:colcon.colcon_core.package_identification:_identify(build) by extensions ['ignore', 'ignore_ament_install']
[0.521s] Level 1:colcon.colcon_core.package_identification:_identify(build) by extension 'ignore'
[0.522s] Level 1:colcon.colcon_core.package_identification:_identify(build) ignored
[0.524s] Level 1:colcon.colcon_core.package_identification:_identify(install) by extensions ['ignore', 'ignore_ament_install']
[0.524s] Level 1:colcon.colcon_core.package_identification:_identify(install) by extension 'ignore'
[0.525s] Level 1:colcon.colcon_core.package_identification:_identify(install) ignored
[0.528s] Level 1:colcon.colcon_core.package_identification:_identify(log) by extensions ['ignore', 'ignore_ament_install']
[0.528s] Level 1:colcon.colcon_core.package_identification:_identify(log) by extension 'ignore'
[0.529s] Level 1:colcon.colcon_core.package_identification:_identify(log) ignored
[0.530s] Level 1:colcon.colcon_core.package_identification:_identify(src) by extensions ['ignore', 'ignore_ament_install']
[0.531s] Level 1:colcon.colcon_core.package_identification:_identify(src) by extension 'ignore'
[0.531s] Level 1:colcon.colcon_core.package_identification:_identify(src) by extension 'ignore_ament_install'
[0.532s] Level 1:colcon.colcon_core.package_identification:_identify(src) by extensions ['colcon_pkg']
[0.532s] Level 1:colcon.colcon_core.package_identification:_identify(src) by extension 'colcon_pkg'
[0.532s] Level 1:colcon.colcon_core.package_identification:_identify(src) by extensions ['colcon_meta']
[0.532s] Level 1:colcon.colcon_core.package_identification:_identify(src) by extension 'colcon_meta'
[0.533s] Level 1:colcon.colcon_core.package_identification:_identify(src) by extensions ['ros']
[0.533s] Level 1:colcon.colcon_core.package_identification:_identify(src) by extension 'ros'
[0.534s] Level 1:colcon.colcon_core.package_identification:_identify(src) by extensions ['cmake', 'python']
[0.534s] Level 1:colcon.colcon_core.package_identification:_identify(src) by extension 'cmake'
[0.534s] Level 1:colcon.colcon_core.package_identification:_identify(src) by extension 'python'
[0.534s] Level 1:colcon.colcon_core.package_identification:_identify(src) by extensions ['python_setup_py']
[0.535s] Level 1:colcon.colcon_core.package_identification:_identify(src) by extension 'python_setup_py'
[0.536s] Level 1:colcon.colcon_core.package_identification:_identify(src/andromeda_proximity_filter) by extensions ['ignore', 'ignore_ament_install']
[0.536s] Level 1:colcon.colcon_core.package_identification:_identify(src/andromeda_proximity_filter) by extension 'ignore'
[0.537s] Level 1:colcon.colcon_core.package_identification:_identify(src/andromeda_proximity_filter) by extension 'ignore_ament_install'
[0.537s] Level 1:colcon.colcon_core.package_identification:_identify(src/andromeda_proximity_filter) by extensions ['colcon_pkg']
[0.537s] Level 1:colcon.colcon_core.package_identification:_identify(src/andromeda_proximity_filter) by extension 'colcon_pkg'
[0.538s] Level 1:colcon.colcon_core.package_identification:_identify(src/andromeda_proximity_filter) by extensions ['colcon_meta']
[0.538s] Level 1:colcon.colcon_core.package_identification:_identify(src/andromeda_proximity_filter) by extension 'colcon_meta'
[0.538s] Level 1:colcon.colcon_core.package_identification:_identify(src/andromeda_proximity_filter) by extensions ['ros']
[0.539s] Level 1:colcon.colcon_core.package_identification:_identify(src/andromeda_proximity_filter) by extension 'ros'
[0.546s] DEBUG:colcon.colcon_core.package_identification:Package 'src/andromeda_proximity_filter' with type 'ros.ament_cmake' and name 'andromeda_proximity_filter'
[0.546s] Level 1:colcon.colcon_core.package_discovery:discover_packages(recursive) using defaults
[0.546s] Level 1:colcon.colcon_core.package_discovery:discover_packages(ignore) discover
[0.546s] Level 1:colcon.colcon_core.package_discovery:discover_packages(ignore) using defaults
[0.546s] Level 1:colcon.colcon_core.package_discovery:discover_packages(path) discover
[0.546s] Level 1:colcon.colcon_core.package_discovery:discover_packages(path) using defaults
[0.570s] Level 1:colcon.colcon_core.package_discovery:discover_packages(prefix_path) check parameters
[0.570s] Level 1:colcon.colcon_core.package_discovery:discover_packages(prefix_path) discover
[0.600s] DEBUG:colcon.colcon_installed_package_information.package_discovery:Found 1 installed packages in /mnt/c/Users/harry/ros_ws/install
[0.602s] DEBUG:colcon.colcon_installed_package_information.package_discovery:Found 438 installed packages in /opt/ros/humble
[0.611s] Level 1:colcon.colcon_core.package_discovery:discover_packages(prefix_path) using defaults
[0.716s] Level 5:colcon.colcon_core.verb:set package 'andromeda_proximity_filter' build argument 'cmake_args' from command line to 'None'
[0.716s] Level 5:colcon.colcon_core.verb:set package 'andromeda_proximity_filter' build argument 'cmake_target' from command line to 'None'
[0.716s] Level 5:colcon.colcon_core.verb:set package 'andromeda_proximity_filter' build argument 'cmake_target_skip_unavailable' from command line to 'False'
[0.717s] Level 5:colcon.colcon_core.verb:set package 'andromeda_proximity_filter' build argument 'cmake_clean_cache' from command line to 'False'
[0.717s] Level 5:colcon.colcon_core.verb:set package 'andromeda_proximity_filter' build argument 'cmake_clean_first' from command line to 'False'
[0.717s] Level 5:colcon.colcon_core.verb:set package 'andromeda_proximity_filter' build argument 'cmake_force_configure' from command line to 'False'
[0.717s] Level 5:colcon.colcon_core.verb:set package 'andromeda_proximity_filter' build argument 'ament_cmake_args' from command line to 'None'
[0.718s] Level 5:colcon.colcon_core.verb:set package 'andromeda_proximity_filter' build argument 'catkin_cmake_args' from command line to 'None'
[0.718s] Level 5:colcon.colcon_core.verb:set package 'andromeda_proximity_filter' build argument 'catkin_skip_building_tests' from command line to 'False'
[0.718s] DEBUG:colcon.colcon_core.verb:Building package 'andromeda_proximity_filter' with the following arguments: {'ament_cmake_args': None, 'build_base': '/mnt/c/Users/harry/ros_ws/build/andromeda_proximity_filter', 'catkin_cmake_args': None, 'catkin_skip_building_tests': False, 'cmake_args': None, 'cmake_clean_cache': False, 'cmake_clean_first': False, 'cmake_force_configure': False, 'cmake_target': None, 'cmake_target_skip_unavailable': False, 'install_base': '/mnt/c/Users/harry/ros_ws/install/andromeda_proximity_filter', 'merge_install': False, 'path': '/mnt/c/Users/harry/ros_ws/src/andromeda_proximity_filter', 'symlink_install': False, 'test_result_base': None}
[0.719s] INFO:colcon.colcon_core.executor:Executing jobs using 'parallel' executor
[0.720s] DEBUG:colcon.colcon_parallel_executor.executor.parallel:run_until_complete
[0.720s] INFO:colcon.colcon_ros.task.ament_cmake.build:Building ROS package in '/mnt/c/Users/harry/ros_ws/src/andromeda_proximity_filter' with build type 'ament_cmake'
[0.720s] INFO:colcon.colcon_cmake.task.cmake.build:Building CMake package in '/mnt/c/Users/harry/ros_ws/src/andromeda_proximity_filter'
[0.724s] INFO:colcon.colcon_core.plugin_system:Skipping extension 'colcon_core.shell.bat': Not used on non-Windows systems
[0.725s] INFO:colcon.colcon_core.shell:Skip shell extension 'powershell' for command environment: Not usable outside of PowerShell
[0.725s] DEBUG:colcon.colcon_core.shell:Skip shell extension 'dsv' for command environment
[0.805s] DEBUG:colcon.colcon_core.event_handler.log_command:Invoking command in '/mnt/c/Users/harry/ros_ws/build/andromeda_proximity_filter': CMAKE_PREFIX_PATH=${CMAKE_PREFIX_PATH}:/opt/ros/humble /usr/bin/cmake --build /mnt/c/Users/harry/ros_ws/build/andromeda_proximity_filter -- -j16 -l16
[23.440s] DEBUG:colcon.colcon_core.event_handler.log_command:Invoked command in '/mnt/c/Users/harry/ros_ws/build/andromeda_proximity_filter' returned '0': CMAKE_PREFIX_PATH=${CMAKE_PREFIX_PATH}:/opt/ros/humble /usr/bin/cmake --build /mnt/c/Users/harry/ros_ws/build/andromeda_proximity_filter -- -j16 -l16
[23.471s] DEBUG:colcon.colcon_core.event_handler.log_command:Invoking command in '/mnt/c/Users/harry/ros_ws/build/andromeda_proximity_filter': CMAKE_PREFIX_PATH=${CMAKE_PREFIX_PATH}:/opt/ros/humble /usr/bin/cmake --install /mnt/c/Users/harry/ros_ws/build/andromeda_proximity_filter
[24.307s] Level 1:colcon.colcon_core.environment:create_environment_scripts_only(andromeda_proximity_filter)
[24.308s] DEBUG:colcon.colcon_core.event_handler.log_command:Invoked command in '/mnt/c/Users/harry/ros_ws/build/andromeda_proximity_filter' returned '0': CMAKE_PREFIX_PATH=${CMAKE_PREFIX_PATH}:/opt/ros/humble /usr/bin/cmake --install /mnt/c/Users/harry/ros_ws/build/andromeda_proximity_filter
[24.313s] Level 1:colcon.colcon_core.environment:checking '/mnt/c/Users/harry/ros_ws/install/andromeda_proximity_filter' for CMake module files
[24.373s] Level 1:colcon.colcon_core.environment:checking '/mnt/c/Users/harry/ros_ws/install/andromeda_proximity_filter' for CMake config files
[24.413s] Level 1:colcon.colcon_core.shell:create_environment_hook('andromeda_proximity_filter', 'cmake_prefix_path')
[24.413s] INFO:colcon.colcon_core.shell:Creating environment hook '/mnt/c/Users/harry/ros_ws/install/andromeda_proximity_filter/share/andromeda_proximity_filter/hook/cmake_prefix_path.ps1'
[24.426s] INFO:colcon.colcon_core.shell:Creating environment descriptor '/mnt/c/Users/harry/ros_ws/install/andromeda_proximity_filter/share/andromeda_proximity_filter/hook/cmake_prefix_path.dsv'
[24.439s] INFO:colcon.colcon_core.shell:Creating environment hook '/mnt/c/Users/harry/ros_ws/install/andromeda_proximity_filter/share/andromeda_proximity_filter/hook/cmake_prefix_path.sh'
[24.453s] Level 1:colcon.colcon_core.environment:checking '/mnt/c/Users/harry/ros_ws/install/andromeda_proximity_filter/lib'
[24.456s] Level 1:colcon.colcon_core.environment:checking '/mnt/c/Users/harry/ros_ws/install/andromeda_proximity_filter/bin'
[24.458s] Level 1:colcon.colcon_core.environment:checking '/mnt/c/Users/harry/ros_ws/install/andromeda_proximity_filter/lib/pkgconfig/andromeda_proximity_filter.pc'
[24.459s] Level 1:colcon.colcon_core.environment:checking '/mnt/c/Users/harry/ros_ws/install/andromeda_proximity_filter/lib/python3.10/site-packages'
[24.461s] Level 1:colcon.colcon_core.environment:checking '/mnt/c/Users/harry/ros_ws/install/andromeda_proximity_filter/bin'
[24.462s] INFO:colcon.colcon_core.shell:Creating package script '/mnt/c/Users/harry/ros_ws/install/andromeda_proximity_filter/share/andromeda_proximity_filter/package.ps1'
[24.474s] INFO:colcon.colcon_core.shell:Creating package descriptor '/mnt/c/Users/harry/ros_ws/install/andromeda_proximity_filter/share/andromeda_proximity_filter/package.dsv'
[24.485s] INFO:colcon.colcon_core.shell:Creating package script '/mnt/c/Users/harry/ros_ws/install/andromeda_proximity_filter/share/andromeda_proximity_filter/package.sh'
[24.496s] INFO:colcon.colcon_core.shell:Creating package script '/mnt/c/Users/harry/ros_ws/install/andromeda_proximity_filter/share/andromeda_proximity_filter/package.bash'
[24.505s] INFO:colcon.colcon_core.shell:Creating package script '/mnt/c/Users/harry/ros_ws/install/andromeda_proximity_filter/share/andromeda_proximity_filter/package.zsh'
[24.514s] Level 1:colcon.colcon_core.environment:create_file_with_runtime_dependencies(/mnt/c/Users/harry/ros_ws/install/andromeda_proximity_filter/share/colcon-core/packages/andromeda_proximity_filter)
[24.537s] Level 1:colcon.colcon_core.environment:create_environment_scripts_only(andromeda_proximity_filter)
[24.538s] Level 1:colcon.colcon_core.environment:checking '/mnt/c/Users/harry/ros_ws/install/andromeda_proximity_filter' for CMake module files
[24.597s] Level 1:colcon.colcon_core.environment:checking '/mnt/c/Users/harry/ros_ws/install/andromeda_proximity_filter' for CMake config files
[24.640s] Level 1:colcon.colcon_core.shell:create_environment_hook('andromeda_proximity_filter', 'cmake_prefix_path')
[24.640s] INFO:colcon.colcon_core.shell:Creating environment hook '/mnt/c/Users/harry/ros_ws/install/andromeda_proximity_filter/share/andromeda_proximity_filter/hook/cmake_prefix_path.ps1'
[24.652s] INFO:colcon.colcon_core.shell:Creating environment descriptor '/mnt/c/Users/harry/ros_ws/install/andromeda_proximity_filter/share/andromeda_proximity_filter/hook/cmake_prefix_path.dsv'
[24.665s] INFO:colcon.colcon_core.shell:Creating environment hook '/mnt/c/Users/harry/ros_ws/install/andromeda_proximity_filter/share/andromeda_proximity_filter/hook/cmake_prefix_path.sh'
[24.683s] Level 1:colcon.colcon_core.environment:checking '/mnt/c/Users/harry/ros_ws/install/andromeda_proximity_filter/lib'
[24.686s] Level 1:colcon.colcon_core.environment:checking '/mnt/c/Users/harry/ros_ws/install/andromeda_proximity_filter/bin'
[24.687s] Level 1:colcon.colcon_core.environment:checking '/mnt/c/Users/harry/ros_ws/install/andromeda_proximity_filter/lib/pkgconfig/andromeda_proximity_filter.pc'
[24.689s] Level 1:colcon.colcon_core.environment:checking '/mnt/c/Users/harry/ros_ws/install/andromeda_proximity_filter/lib/python3.10/site-packages'
[24.690s] Level 1:colcon.colcon_core.environment:checking '/mnt/c/Users/harry/ros_ws/install/andromeda_proximity_filter/bin'
[24.691s] INFO:colcon.colcon_core.shell:Creating package script '/mnt/c/Users/harry/ros_ws/install/andromeda_proximity_filter/share/andromeda_proximity_filter/package.ps1'
[24.702s] INFO:colcon.colcon_core.shell:Creating package descriptor '/mnt/c/Users/harry/ros_ws/install/andromeda_proximity_filter/share/andromeda_proximity_filter/package.dsv'
[24.710s] INFO:colcon.colcon_core.shell:Creating package script '/mnt/c/Users/harry/ros_ws/install/andromeda_proximity_filter/share/andromeda_proximity_filter/package.sh'
[24.720s] INFO:colcon.colcon_core.shell:Creating package script '/mnt/c/Users/harry/ros_ws/install/andromeda_proximity_filter/share/andromeda_proximity_filter/package.bash'
[24.730s] INFO:colcon.colcon_core.shell:Creating package script '/mnt/c/Users/harry/ros_ws/install/andromeda_proximity_filter/share/andromeda_proximity_filter/package.zsh'
[24.739s] Level 1:colcon.colcon_core.environment:create_file_with_runtime_dependencies(/mnt/c/Users/harry/ros_ws/install/andromeda_proximity_filter/share/colcon-core/packages/andromeda_proximity_filter)
[24.745s] DEBUG:colcon.colcon_parallel_executor.executor.parallel:closing loop
[24.745s] DEBUG:colcon.colcon_parallel_executor.executor.parallel:loop closed
[24.745s] DEBUG:colcon.colcon_parallel_executor.executor.parallel:run_until_complete finished with '0'
[24.746s] DEBUG:colcon.colcon_core.event_reactor:joining thread
[24.825s] INFO:colcon.colcon_core.plugin_system:Skipping extension 'colcon_notification.desktop_notification.notify_send': Could not find 'notify-send'
[24.825s] INFO:colcon.colcon_core.plugin_system:Skipping extension 'colcon_notification.desktop_notification.terminal_notifier': Not used on non-Darwin systems
[24.825s] INFO:colcon.colcon_core.plugin_system:Skipping extension 'colcon_notification.desktop_notification.win32': Not used on non-Windows systems
[24.826s] INFO:colcon.colcon_notification.desktop_notification:Sending desktop notification using 'notify2'
[24.826s] DEBUG:colcon.colcon_notification.desktop_notification.notify2:Failed to initialize notify2: org.freedesktop.DBus.Error.FileNotFound: Failed to connect to socket /run/user/1000/bus: No such file or directory
[24.826s] DEBUG:colcon.colcon_core.event_reactor:joined thread
[24.827s] INFO:colcon.colcon_core.shell:Creating prefix script '/mnt/c/Users/harry/ros_ws/install/local_setup.ps1'
[24.833s] INFO:colcon.colcon_core.shell:Creating prefix util module '/mnt/c/Users/harry/ros_ws/install/_local_setup_util_ps1.py'
[24.839s] INFO:colcon.colcon_core.shell:Creating prefix chain script '/mnt/c/Users/harry/ros_ws/install/setup.ps1'
[24.850s] INFO:colcon.colcon_core.shell:Creating prefix script '/mnt/c/Users/harry/ros_ws/install/local_setup.sh'
[24.855s] INFO:colcon.colcon_core.shell:Creating prefix util module '/mnt/c/Users/harry/ros_ws/install/_local_setup_util_sh.py'
[24.860s] INFO:colcon.colcon_core.shell:Creating prefix chain script '/mnt/c/Users/harry/ros_ws/install/setup.sh'
[24.872s] INFO:colcon.colcon_core.shell:Creating prefix script '/mnt/c/Users/harry/ros_ws/install/local_setup.bash'
[24.877s] INFO:colcon.colcon_core.shell:Creating prefix chain script '/mnt/c/Users/harry/ros_ws/install/setup.bash'
[24.888s] INFO:colcon.colcon_core.shell:Creating prefix script '/mnt/c/Users/harry/ros_ws/install/local_setup.zsh'
[24.893s] INFO:colcon.colcon_core.shell:Creating prefix chain script '/mnt/c/Users/harry/ros_ws/install/setup.zsh'
